<?xml version="1.0" encoding="UTF-8"?>
<!-- Generated by org.testng.reporters.JUnitReportReporter -->
<testsuite hostname="RIPL-DST-031" failures="0" tests="2" name="testcases.Frequency1_resd" time="987.424" errors="1" timestamp="2023-12-21T09:54:25 IST" skipped="0">
  <testcase classname="testcases.Frequency1_resd" name="LOGIN" time="17.686"/>
  <system-out>
    <![CDATA[click login button 
enter username
enter password 
click login button ]]>
  </system-out>
  <testcase classname="testcases.Frequency1_resd" name="Frequency_Report" time="969.738">
    <error message="no such element: Unable to locate element: {&quot;method&quot;:&quot;xpath&quot;,&quot;selector&quot;:&quot;//table//tr[1]//td[3]&quot;}
  (Session info: chrome=120.0.6099.62)
For documentation on this error, please visit: https://www.selenium.dev/documentation/webdriver/troubleshooting/errors#no-such-element-exception
Build info: version: &#039;4.11.0&#039;, revision: &#039;040bc5406b&#039;
System info: os.name: &#039;Linux&#039;, os.arch: &#039;amd64&#039;, os.version: &#039;5.4.0-150-generic&#039;, java.version: &#039;17.0.6&#039;
Driver info: org.openqa.selenium.chrome.ChromeDriver
Command: [9433cbd923e5a2d7569288aca551eeb0, findElement {using=xpath, value=//table//tr[1]//td[3]}]
Capabilities {acceptInsecureCerts: false, browserName: chrome, browserVersion: 120.0.6099.62, chrome: {chromedriverVersion: 120.0.6099.109 (3419140ab66..., userDataDir: /tmp/.org.chromium.Chromium...}, fedcm:accounts: true, goog:chromeOptions: {debuggerAddress: localhost:35769}, networkConnectionEnabled: false, pageLoadStrategy: normal, platformName: linux, proxy: Proxy(), se:cdp: ws://localhost:35769/devtoo..., se:cdpVersion: 120.0.6099.62, setWindowRect: true, strictFileInteractability: false, timeouts: {implicit: 0, pageLoad: 300000, script: 30000}, unhandledPromptBehavior: dismiss and notify, webauthn:extension:credBlob: true, webauthn:extension:largeBlob: true, webauthn:extension:minPinLength: true, webauthn:extension:prf: true, webauthn:virtualAuthenticators: true}
Session ID: 9433cbd923e5a2d7569288aca551eeb0" type="org.openqa.selenium.NoSuchElementException">
      <![CDATA[org.openqa.selenium.NoSuchElementException: no such element: Unable to locate element: {"method":"xpath","selector":"//table//tr[1]//td[3]"}
  (Session info: chrome=120.0.6099.62)
For documentation on this error, please visit: https://www.selenium.dev/documentation/webdriver/troubleshooting/errors#no-such-element-exception
Build info: version: '4.11.0', revision: '040bc5406b'
System info: os.name: 'Linux', os.arch: 'amd64', os.version: '5.4.0-150-generic', java.version: '17.0.6'
Driver info: org.openqa.selenium.chrome.ChromeDriver
Command: [9433cbd923e5a2d7569288aca551eeb0, findElement {using=xpath, value=//table//tr[1]//td[3]}]
Capabilities {acceptInsecureCerts: false, browserName: chrome, browserVersion: 120.0.6099.62, chrome: {chromedriverVersion: 120.0.6099.109 (3419140ab66..., userDataDir: /tmp/.org.chromium.Chromium...}, fedcm:accounts: true, goog:chromeOptions: {debuggerAddress: localhost:35769}, networkConnectionEnabled: false, pageLoadStrategy: normal, platformName: linux, proxy: Proxy(), se:cdp: ws://localhost:35769/devtoo..., se:cdpVersion: 120.0.6099.62, setWindowRect: true, strictFileInteractability: false, timeouts: {implicit: 0, pageLoad: 300000, script: 30000}, unhandledPromptBehavior: dismiss and notify, webauthn:extension:credBlob: true, webauthn:extension:largeBlob: true, webauthn:extension:minPinLength: true, webauthn:extension:prf: true, webauthn:virtualAuthenticators: true}
Session ID: 9433cbd923e5a2d7569288aca551eeb0
at java.base/jdk.internal.reflect.NativeConstructorAccessorImpl.newInstance0(Native Method)
at java.base/jdk.internal.reflect.NativeConstructorAccessorImpl.newInstance(NativeConstructorAccessorImpl.java:77)
at java.base/jdk.internal.reflect.DelegatingConstructorAccessorImpl.newInstance(DelegatingConstructorAccessorImpl.java:45)
at java.base/java.lang.reflect.Constructor.newInstanceWithCaller(Constructor.java:499)
at java.base/java.lang.reflect.Constructor.newInstance(Constructor.java:480)
at org.openqa.selenium.remote.codec.w3c.W3CHttpResponseCodec.createException(W3CHttpResponseCodec.java:200)
at org.openqa.selenium.remote.codec.w3c.W3CHttpResponseCodec.decode(W3CHttpResponseCodec.java:133)
at org.openqa.selenium.remote.codec.w3c.W3CHttpResponseCodec.decode(W3CHttpResponseCodec.java:52)
at org.openqa.selenium.remote.HttpCommandExecutor.execute(HttpCommandExecutor.java:191)
at org.openqa.selenium.remote.service.DriverCommandExecutor.invokeExecute(DriverCommandExecutor.java:196)
at org.openqa.selenium.remote.service.DriverCommandExecutor.execute(DriverCommandExecutor.java:171)
at org.openqa.selenium.remote.RemoteWebDriver.execute(RemoteWebDriver.java:518)
at org.openqa.selenium.remote.ElementLocation$ElementFinder$2.findElement(ElementLocation.java:165)
at org.openqa.selenium.remote.ElementLocation.findElement(ElementLocation.java:59)
at org.openqa.selenium.remote.RemoteWebDriver.findElement(RemoteWebDriver.java:355)
at org.openqa.selenium.remote.RemoteWebDriver.findElement(RemoteWebDriver.java:349)
at testcases.Frequency1_resd.Frequency_Report(Frequency1_resd.java:129)
at java.base/jdk.internal.reflect.NativeMethodAccessorImpl.invoke0(Native Method)
at java.base/jdk.internal.reflect.NativeMethodAccessorImpl.invoke(NativeMethodAccessorImpl.java:77)
at java.base/jdk.internal.reflect.DelegatingMethodAccessorImpl.invoke(DelegatingMethodAccessorImpl.java:43)
at java.base/java.lang.reflect.Method.invoke(Method.java:568)
at org.testng.internal.invokers.MethodInvocationHelper.invokeMethod(MethodInvocationHelper.java:139)
at org.testng.internal.invokers.TestInvoker.invokeMethod(TestInvoker.java:677)
at org.testng.internal.invokers.TestInvoker.invokeTestMethod(TestInvoker.java:221)
at org.testng.internal.invokers.MethodRunner.runInSequence(MethodRunner.java:50)
at org.testng.internal.invokers.TestInvoker$MethodInvocationAgent.invoke(TestInvoker.java:969)
at org.testng.internal.invokers.TestInvoker.invokeTestMethods(TestInvoker.java:194)
at org.testng.internal.invokers.TestMethodWorker.invokeTestMethods(TestMethodWorker.java:148)
at org.testng.internal.invokers.TestMethodWorker.run(TestMethodWorker.java:128)
at java.base/java.util.ArrayList.forEach(ArrayList.java:1511)
at org.testng.TestRunner.privateRun(TestRunner.java:829)
at org.testng.TestRunner.run(TestRunner.java:602)
at org.testng.SuiteRunner.runTest(SuiteRunner.java:437)
at org.testng.SuiteRunner.runSequentially(SuiteRunner.java:431)
at org.testng.SuiteRunner.privateRun(SuiteRunner.java:391)
at org.testng.SuiteRunner.run(SuiteRunner.java:330)
at org.testng.SuiteRunnerWorker.runSuite(SuiteRunnerWorker.java:52)
at org.testng.SuiteRunnerWorker.run(SuiteRunnerWorker.java:95)
at org.testng.TestNG.runSuitesSequentially(TestNG.java:1256)
at org.testng.TestNG.runSuitesLocally(TestNG.java:1176)
at org.testng.TestNG.runSuites(TestNG.java:1099)
at org.testng.TestNG.run(TestNG.java:1067)
at org.testng.remote.AbstractRemoteTestNG.run(AbstractRemoteTestNG.java:115)
at org.testng.remote.RemoteTestNG.initAndRun(RemoteTestNG.java:251)
at org.testng.remote.RemoteTestNG.main(RemoteTestNG.java:77)
]]>
    </error>
  </testcase> <!-- Frequency_Report -->
  <system-out>
    <![CDATA[MAIN_LT_PANEL-2
Tower B Retail panel
FrequencyValue is displayed: 49.99
Construction Supply
FrequencyValue is displayed: 49.99
APFC_PANEL
FrequencyValue is displayed: 49.98
5f1_Feeder
FrequencyValue is displayed: 0
601_HEUBACH
FrequencyValue is displayed: 49.96
SOLAR_FEEDER
FrequencyValue is displayed: 50.07
3F_FEEDER-1
FrequencyValue is displayed: 0
4F_FEEDER-1
FrequencyValue is displayed: 50.01
4F_FEEDER-2
FrequencyValue is displayed: 0
8F2_4FA2
FrequencyValue is displayed: 50
3F_FEEDER-2
FrequencyValue is displayed: 50.01
9F2_FDP3FA2
FrequencyValue is displayed: 49.99
9F3_SPARE
FrequencyValue is displayed: 50.07
LT_PANEL_2_DG_INCOMER
FrequencyValue is displayed: 0
LT_PANEL_2_EB_INCOMER
FrequencyValue is displayed: 49.97
COMMON AREA LIGHTNING AND POWER PANEL
2F5_EXTERNAL LIGHTING PANEL 2
FrequencyValue is displayed: 49.93
2F4_EXTERNAL LIGHTING PANEL 1
FrequencyValue is displayed: 49.9
2F3_COMMON PASSAGE PANEL TOWER A
FrequencyValue is displayed: 49.96
2F2_B2-COMMAN AREA PANEL
FrequencyValue is displayed: 49.94
2F1_B1-COMMAN AREA PANEL
FrequencyValue is displayed: 49.98
MAIN_LT_PANEL-1
9F-5_SPARE
FrequencyValue is displayed: 49.9
9F-4_SOLAR INVERTER FEEDER
FrequencyValue is displayed: 49.9
9F-3_SPARE
FrequencyValue is displayed: 49.93
9F-2_SPARE
FrequencyValue is displayed: 50
TOWER_A_2ND_FLOOR_FEEDER
FrequencyValue is displayed: 0
8F-5_PLUMBING PANEL
FrequencyValue is displayed: 0
8F-4_TERRACE PANEL
FrequencyValue is displayed: 0
8F-2_HDFC
FrequencyValue is displayed: 0
8F-1_SPARE
FrequencyValue is displayed: 0
7F-1_METERING AND INDICATION
FrequencyValue is displayed: 0
TOWER_A_GF_FEEDER
FrequencyValue is displayed: 50.03
4F-2_LIFE SAFET PANEL
FrequencyValue is displayed: 50.02
3F-3_BASEMENT1 VENTILATION PANEL
FrequencyValue is displayed: 50.07
3F-1_COMMON LIGHTNING AND POWER PANEL
FrequencyValue is displayed: 50.11
LT_PANEL_1_EB_INCOMER
FrequencyValue is displayed: 49.99
LT_PANEL_1_DG_INCOMER
FrequencyValue is displayed: 0
UPS_OUTPUT_PANEL
GF_METER_PANEL_TOWER-A
2F1_Q1 CAFE NEAR MAX
FrequencyValue is displayed: 49.86
2F1_Q2 CAFE NEAR CROMA
FrequencyValue is displayed: 49.9
2F2_MAX
FrequencyValue is displayed: 49.95
2F3_PANTALOONS
FrequencyValue is displayed: 0
2F4_CROMA(1)
FrequencyValue is displayed: 49.88
3F1_Q3 CAFE NEAR M&S
FrequencyValue is displayed: 49.98
3F1_Q4 CAFE NEAR PANTALOONS
FrequencyValue is displayed: 0
3F2_SPACE
FrequencyValue is displayed: 0
3F3_METER PANEL-1F FDP-1FA
FrequencyValue is displayed: 49.97
External_Lighting_DB
1F2_Q1 TO Q3_1]]>
  </system-out>
</testsuite> <!-- testcases.Frequency1_resd -->
